[11327]Debug
[11327]Debug
[11327]Debug
[11327]Debug
[11327]Debug
[11327]Debug
[11327]Debug
[11327]Debug
[11327]Debug
[11327]Debug
[11327]Debug
[11327]Debug
[11327]Debug
[11327]Debug
[11327]Debug
[11327]Debug
[11327]Debug
[11327]Debug
[11327]Debug
[11327]Debug
[11327]Debug
[11327]Debug
[2240007]Debug
[2240021]Debug
[2240127]Debug
[2240007]Debug
[2240007]Debug
[2240007]Debug
[2240007]Debug
[2240007]Debug
[2240007]Debug
[2240007]Debug
[2240007]Debug
[2240007]Debug
[2240007]Debug
[2240007]Debug
[2240007]Debug
[2240007]Debug
[2240007]Debug
[2240007]Debug
[2240007]Debug
[2240007]Debug
[2240007]Debug
[2240007]Debug
[2240007]Debug
[2240007]Debug
[2240007]Debug
[2240007]Debug
[2240007]Debug
[2240007]Debug
[2240007]Debug
[2240007]Debug
[2240007]Debug
[2240007]Debug
[2240007]Debug
[2240007]Debug
[2240007]Debug
[2240007]Debug
[2240007]Debug
[2240007]Debug
[2240007]Debug
[2240007]Debug
[2240007]Debug
[2240007]Debug
[2240007]Debug
[2240007]Debug
[2240127]Debug
[2240127]Debug
[2240007]Debug
[2240007]Debug
[2240007]Debug
[2240007]Debug
[2240007]Debug
[2240007]Debug
[2240007]Debug
[2240007]Debug
[2240007]Debug
[2240007]Debug
[2240007]Debug
[2240007]Debug
[2240007]Debug
[2240007]Debug
[2240007]Debug
[2240007]Debug
[2240021]Debug
[2240021]Debug
[2240021]Debug
[2240021]Debug
[2240021]Debug
[2240021]Debug
[2240021]Debug
[2240021]Debug
[2240021]Debug
[2240021]Debug
[2240021]Debug
[2240021]Debug
<<<<<<< HEAD
[2240021]Debug
[2240021]Debug
[2240021]Debug
[2240021]Debug
[2240021]Debug
[2240021]Debug
[2240021]Debug
[2240021]Debug
[2240021]Debug
[2240021]Debug
[2240021]Debug
[2240021]Debug
[2240021]Debug
[2240021]Debug
[2240021]Debug
[2240021]Debug
[2240021]Debug
[2240021]Debug
=======
[2240127]Debug
>>>>>>> 5f19c64151479405f1c8714db0e91fc510538965
[2240007]Debug
[2240007]Debug
[2240007]Debug
[2240007]Debug
[2240007]Debug
[2240007]Debug
[2240007]Debug
[2240007]Debug
[2240007]Debug
<<<<<<< HEAD
<<<<<<< HEAD
>>>>>>> fed659521eb739e83127226896b75fb98d73d1ba
[2240021]Debug
[2240021]Debug
[2240021]Debug
[2240021]Debug
[2240021]Debug
[2240021]Debug
[2240021]Debug
[2240021]Debug
=======
[2240007]Debug
[2240007]Debug
[2240007]Debug
[2240007]Debug
[2240007]Debug
[2240007]Debug
[2240007]Debug
[2240007]Debug
[2240007]Debug
>>>>>>> b739d7ac7efbdcddaf47df02b8680ba2103a36c8
=======
[2240127]Debug
[2240127]Debug
[2240127]Release
>>>>>>> def50d68e08b4e175e35974ce130abfd8d860624
