  debug.cpp
  depth_stencil.cpp
  dxtk_audio.cpp
  font.cpp
  frame_rate.cpp
  game_lib.cpp
  input_manager.cpp
  obj2d_data.cpp
  primitive.cpp
  resource_manager.cpp
  sprite.cpp
  texture.cpp
  vector.cpp
  view_settings.cpp
  wnd_proc.cpp
  imgui.cpp
  imgui_draw.cpp
  imgui_impl_dx11.cpp
  imgui_impl_win32.cpp
  imgui_ja_gryph_ranges.cpp
  コードを生成中...
  コンパイル中...
  imgui_widgets.cpp
  common.cpp
  main.cpp
  scene_game.cpp
  コードを生成中...
  gp1.vcxproj -> C:\Users\2240127\Documents\GitHub\randomparty\project\randomparty\Debug\gp1.exe
